c:\users\twm\documents\visual studio 2013\projects\raytracer\raytracer\debug\raytracer.pch
c:\users\twm\documents\visual studio 2013\projects\raytracer\raytracer\debug\vc120.pdb
c:\users\twm\documents\visual studio 2013\projects\raytracer\raytracer\debug\vc120.idb
c:\users\twm\documents\visual studio 2013\projects\raytracer\raytracer\debug\stdafx.obj
c:\users\twm\documents\visual studio 2013\projects\raytracer\raytracer\debug\camera.obj
c:\users\twm\documents\visual studio 2013\projects\raytracer\raytracer\debug\geometricobject.obj
c:\users\twm\documents\visual studio 2013\projects\raytracer\raytracer\debug\point3d.obj
c:\users\twm\documents\visual studio 2013\projects\raytracer\raytracer\debug\ray.obj
c:\users\twm\documents\visual studio 2013\projects\raytracer\raytracer\debug\raytracer.obj
c:\users\twm\documents\visual studio 2013\projects\raytracer\raytracer\debug\rgbcolor.obj
c:\users\twm\documents\visual studio 2013\projects\raytracer\raytracer\debug\source.obj
c:\users\twm\documents\visual studio 2013\projects\raytracer\raytracer\debug\sphere.obj
c:\users\twm\documents\visual studio 2013\projects\raytracer\raytracer\debug\vector3d.obj
c:\users\twm\documents\visual studio 2013\projects\raytracer\debug\raytracer.ilk
c:\users\twm\documents\visual studio 2013\projects\raytracer\debug\raytracer.exe
c:\users\twm\documents\visual studio 2013\projects\raytracer\debug\raytracer.pdb
c:\users\twm\documents\visual studio 2013\projects\raytracer\raytracer\debug\raytracer.tlog\cl.command.1.tlog
c:\users\twm\documents\visual studio 2013\projects\raytracer\raytracer\debug\raytracer.tlog\cl.read.1.tlog
c:\users\twm\documents\visual studio 2013\projects\raytracer\raytracer\debug\raytracer.tlog\cl.write.1.tlog
c:\users\twm\documents\visual studio 2013\projects\raytracer\raytracer\debug\raytracer.tlog\link.command.1.tlog
c:\users\twm\documents\visual studio 2013\projects\raytracer\raytracer\debug\raytracer.tlog\link.read.1.tlog
c:\users\twm\documents\visual studio 2013\projects\raytracer\raytracer\debug\raytracer.tlog\link.write.1.tlog
