Build started 09/05/2016 01:12:05.
     1>Project "C:\Users\Twm\Documents\Visual Studio 2013\Projects\RayTracer\RayTracer\RayTracer.vcxproj" on node 2 (Build target(s)).
     1>ClCompile:
         C:\Program Files (x86)\Microsoft Visual Studio 12.0\VC\bin\CL.exe /c /ZI /nologo /W3 /WX- /sdl /Od /Oy- /D WIN32 /D _DEBUG /D _CONSOLE /D _LIB /D _UNICODE /D UNICODE /Gm /EHsc /RTC1 /MDd /GS /fp:precise /Zc:wchar_t /Zc:forScope /Fo"Debug\\" /Fd"Debug\vc120.pdb" /Gd /TP /analyze- /errorReport:prompt BoundingBox.cpp Camera.cpp GeometricObject.cpp Light.cpp Plane.cpp Point3D.cpp Ray.cpp RayTracer.cpp Sphere.cpp Triangle.cpp Vector3D.cpp
         RayTracer.cpp
     1>c:\users\twm\documents\visual studio 2013\projects\raytracer\raytracer\point3d.h(24): warning C4244: 'argument' : conversion from 'const double' to 'float', possible loss of data
     1>c:\users\twm\documents\visual studio 2013\projects\raytracer\raytracer\sphere.h(61): warning C4244: 'argument' : conversion from 'double' to 'float', possible loss of data
     1>c:\users\twm\documents\visual studio 2013\projects\raytracer\raytracer\sphere.h(84): warning C4244: 'initializing' : conversion from 'double' to 'float', possible loss of data
     1>c:\users\twm\documents\visual studio 2013\projects\raytracer\raytracer\sphere.h(85): warning C4244: 'initializing' : conversion from 'double' to 'float', possible loss of data
     1>c:\users\twm\documents\visual studio 2013\projects\raytracer\raytracer\sphere.h(92): warning C4244: 'argument' : conversion from 'float' to 'const unsigned int', possible loss of data
     1>c:\users\twm\documents\visual studio 2013\projects\raytracer\raytracer\sphere.h(92): warning C4244: '=' : conversion from 'int' to 'float', possible loss of data
     1>c:\users\twm\documents\visual studio 2013\projects\raytracer\raytracer\sphere.h(93): warning C4244: 'argument' : conversion from 'float' to 'const unsigned int', possible loss of data
     1>c:\users\twm\documents\visual studio 2013\projects\raytracer\raytracer\sphere.h(93): warning C4244: '=' : conversion from 'int' to 'float', possible loss of data
     1>c:\users\twm\documents\visual studio 2013\projects\raytracer\raytracer\sphere.h(94): warning C4244: 'argument' : conversion from 'float' to 'const unsigned int', possible loss of data
     1>c:\users\twm\documents\visual studio 2013\projects\raytracer\raytracer\sphere.h(94): warning C4244: '=' : conversion from 'int' to 'float', possible loss of data
     1>c:\users\twm\documents\visual studio 2013\projects\raytracer\raytracer\plane.h(45): warning C4244: 'initializing' : conversion from 'double' to 'int', possible loss of data
     1>c:\users\twm\documents\visual studio 2013\projects\raytracer\raytracer\plane.h(46): warning C4244: 'initializing' : conversion from 'double' to 'int', possible loss of data
     1>c:\users\twm\documents\visual studio 2013\projects\raytracer\raytracer\triangle.h(25): warning C4305: 'initializing' : truncation from 'double' to 'float'
     1>c:\users\twm\documents\visual studio 2013\projects\raytracer\raytracer\raytracer.cpp(36): warning C4305: 'initializing' : truncation from 'double' to 'float'
     1>c:\users\twm\documents\visual studio 2013\projects\raytracer\raytracer\raytracer.cpp(61): warning C4018: '<' : signed/unsigned mismatch
     1>c:\users\twm\documents\visual studio 2013\projects\raytracer\raytracer\raytracer.cpp(78): warning C4244: 'argument' : conversion from 'double' to 'float', possible loss of data
     1>c:\users\twm\documents\visual studio 2013\projects\raytracer\raytracer\raytracer.cpp(100): warning C4244: 'argument' : conversion from 'const double' to 'float', possible loss of data
     1>c:\users\twm\documents\visual studio 2013\projects\raytracer\raytracer\raytracer.cpp(103): warning C4018: '<' : signed/unsigned mismatch
     1>c:\users\twm\documents\visual studio 2013\projects\raytracer\raytracer\raytracer.cpp(108): warning C4244: 'argument' : conversion from 'double' to 'float', possible loss of data
     1>c:\users\twm\documents\visual studio 2013\projects\raytracer\raytracer\raytracer.cpp(112): warning C4244: 'argument' : conversion from 'const double' to 'float', possible loss of data
     1>c:\users\twm\documents\visual studio 2013\projects\raytracer\raytracer\raytracer.cpp(115): warning C4018: '<' : signed/unsigned mismatch
     1>c:\users\twm\documents\visual studio 2013\projects\raytracer\raytracer\raytracer.cpp(139): warning C4258: 'i' : definition from the for loop is ignored; the definition from the enclosing scope is used
                 c:\users\twm\documents\visual studio 2013\projects\raytracer\raytracer\raytracer.cpp(115) : definition of 'i' ignored
                 c:\users\twm\documents\visual studio 2013\projects\raytracer\raytracer\raytracer.cpp(103) : definition of 'i' used
     1>c:\users\twm\documents\visual studio 2013\projects\raytracer\raytracer\raytracer.cpp(143): warning C4244: 'argument' : conversion from 'double' to 'float', possible loss of data
     1>c:\users\twm\documents\visual studio 2013\projects\raytracer\raytracer\raytracer.cpp(145): warning C4244: 'initializing' : conversion from 'double' to 'float', possible loss of data
     1>c:\users\twm\documents\visual studio 2013\projects\raytracer\raytracer\raytracer.cpp(161): warning C4244: 'argument' : conversion from 'double' to 'float', possible loss of data
     1>c:\users\twm\documents\visual studio 2013\projects\raytracer\raytracer\raytracer.cpp(190): warning C4244: '=' : conversion from 'double' to 'float', possible loss of data
     1>c:\users\twm\documents\visual studio 2013\projects\raytracer\raytracer\raytracer.cpp(191): warning C4244: '=' : conversion from 'double' to 'float', possible loss of data
     1>c:\users\twm\documents\visual studio 2013\projects\raytracer\raytracer\raytracer.cpp(192): warning C4244: '=' : conversion from 'double' to 'float', possible loss of data
     1>c:\users\twm\documents\visual studio 2013\projects\raytracer\raytracer\raytracer.cpp(224): warning C4305: 'argument' : truncation from 'double' to 'float'
     1>c:\users\twm\documents\visual studio 2013\projects\raytracer\raytracer\raytracer.cpp(225): warning C4305: 'argument' : truncation from 'double' to 'float'
     1>c:\users\twm\documents\visual studio 2013\projects\raytracer\raytracer\raytracer.cpp(226): warning C4305: 'argument' : truncation from 'double' to 'float'
     1>c:\users\twm\documents\visual studio 2013\projects\raytracer\raytracer\raytracer.cpp(228): warning C4305: 'argument' : truncation from 'double' to 'float'
     1>c:\users\twm\documents\visual studio 2013\projects\raytracer\raytracer\raytracer.cpp(231): warning C4244: 'argument' : conversion from 'const int' to 'float', possible loss of data
         Camera.cpp
     1>c:\users\twm\documents\visual studio 2013\projects\raytracer\raytracer\point3d.h(24): warning C4244: 'argument' : conversion from 'const double' to 'float', possible loss of data
     1>c:\users\twm\documents\visual studio 2013\projects\raytracer\raytracer\camera.cpp(27): warning C4244: 'initializing' : conversion from 'double' to 'float', possible loss of data
     1>c:\users\twm\documents\visual studio 2013\projects\raytracer\raytracer\camera.cpp(31): warning C4244: 'argument' : conversion from 'double' to 'float', possible loss of data
     1>c:\users\twm\documents\visual studio 2013\projects\raytracer\raytracer\camera.cpp(32): warning C4244: 'argument' : conversion from 'double' to 'float', possible loss of data
         BoundingBox.cpp
     1>c:\users\twm\documents\visual studio 2013\projects\raytracer\raytracer\point3d.h(24): warning C4244: 'argument' : conversion from 'const double' to 'float', possible loss of data
     1>c:\users\twm\documents\visual studio 2013\projects\raytracer\raytracer\boundingbox.cpp(12): warning C4244: 'initializing' : conversion from 'double' to 'float', possible loss of data
     1>c:\users\twm\documents\visual studio 2013\projects\raytracer\raytracer\boundingbox.cpp(13): warning C4244: 'initializing' : conversion from 'double' to 'float', possible loss of data
     1>c:\users\twm\documents\visual studio 2013\projects\raytracer\raytracer\boundingbox.cpp(22): warning C4244: 'initializing' : conversion from 'double' to 'float', possible loss of data
     1>c:\users\twm\documents\visual studio 2013\projects\raytracer\raytracer\boundingbox.cpp(23): warning C4244: 'initializing' : conversion from 'double' to 'float', possible loss of data
     1>c:\users\twm\documents\visual studio 2013\projects\raytracer\raytracer\boundingbox.cpp(41): warning C4244: 'initializing' : conversion from 'double' to 'float', possible loss of data
     1>c:\users\twm\documents\visual studio 2013\projects\raytracer\raytracer\boundingbox.cpp(42): warning C4244: 'initializing' : conversion from 'double' to 'float', possible loss of data
         Generating Code...
         Compiling...
         Vector3D.cpp
     1>c:\users\twm\documents\visual studio 2013\projects\raytracer\raytracer\vector3d.cpp(14): warning C4244: '/=' : conversion from 'double' to 'float', possible loss of data
         Triangle.cpp
     1>c:\users\twm\documents\visual studio 2013\projects\raytracer\raytracer\point3d.h(24): warning C4244: 'argument' : conversion from 'const double' to 'float', possible loss of data
     1>c:\users\twm\documents\visual studio 2013\projects\raytracer\raytracer\triangle.h(25): warning C4305: 'initializing' : truncation from 'double' to 'float'
     1>c:\users\twm\documents\visual studio 2013\projects\raytracer\raytracer\triangle.cpp(21): warning C4305: 'initializing' : truncation from 'double' to 'float'
     1>c:\users\twm\documents\visual studio 2013\projects\raytracer\raytracer\triangle.cpp(24): warning C4244: 'argument' : conversion from 'double' to 'float', possible loss of data
     1>c:\users\twm\documents\visual studio 2013\projects\raytracer\raytracer\triangle.cpp(25): warning C4244: 'argument' : conversion from 'double' to 'float', possible loss of data
     1>c:\users\twm\documents\visual studio 2013\projects\raytracer\raytracer\triangle.cpp(26): warning C4244: 'argument' : conversion from 'double' to 'float', possible loss of data
     1>c:\users\twm\documents\visual studio 2013\projects\raytracer\raytracer\triangle.cpp(27): warning C4244: 'argument' : conversion from 'double' to 'float', possible loss of data
     1>c:\users\twm\documents\visual studio 2013\projects\raytracer\raytracer\triangle.cpp(32): warning C4244: 'initializing' : conversion from 'double' to 'float', possible loss of data
     1>c:\users\twm\documents\visual studio 2013\projects\raytracer\raytracer\triangle.cpp(34): warning C4244: 'initializing' : conversion from 'double' to 'float', possible loss of data
     1>c:\users\twm\documents\visual studio 2013\projects\raytracer\raytracer\triangle.cpp(39): warning C4244: 'initializing' : conversion from 'double' to 'float', possible loss of data
     1>c:\users\twm\documents\visual studio 2013\projects\raytracer\raytracer\triangle.cpp(45): warning C4244: 'initializing' : conversion from 'double' to 'float', possible loss of data
     1>c:\users\twm\documents\visual studio 2013\projects\raytracer\raytracer\triangle.cpp(54): warning C4244: 'argument' : conversion from 'double' to 'float', possible loss of data
     1>c:\users\twm\documents\visual studio 2013\projects\raytracer\raytracer\triangle.cpp(70): warning C4244: '=' : conversion from 'double' to 'float', possible loss of data
     1>c:\users\twm\documents\visual studio 2013\projects\raytracer\raytracer\triangle.cpp(77): warning C4244: '=' : conversion from 'double' to 'float', possible loss of data
         Sphere.cpp
     1>c:\users\twm\documents\visual studio 2013\projects\raytracer\raytracer\point3d.h(24): warning C4244: 'argument' : conversion from 'const double' to 'float', possible loss of data
     1>c:\users\twm\documents\visual studio 2013\projects\raytracer\raytracer\sphere.h(61): warning C4244: 'argument' : conversion from 'double' to 'float', possible loss of data
     1>c:\users\twm\documents\visual studio 2013\projects\raytracer\raytracer\sphere.h(84): warning C4244: 'initializing' : conversion from 'double' to 'float', possible loss of data
     1>c:\users\twm\documents\visual studio 2013\projects\raytracer\raytracer\sphere.h(85): warning C4244: 'initializing' : conversion from 'double' to 'float', possible loss of data
     1>c:\users\twm\documents\visual studio 2013\projects\raytracer\raytracer\sphere.h(92): warning C4244: 'argument' : conversion from 'float' to 'const unsigned int', possible loss of data
     1>c:\users\twm\documents\visual studio 2013\projects\raytracer\raytracer\sphere.h(92): warning C4244: '=' : conversion from 'int' to 'float', possible loss of data
     1>c:\users\twm\documents\visual studio 2013\projects\raytracer\raytracer\sphere.h(93): warning C4244: 'argument' : conversion from 'float' to 'const unsigned int', possible loss of data
     1>c:\users\twm\documents\visual studio 2013\projects\raytracer\raytracer\sphere.h(93): warning C4244: '=' : conversion from 'int' to 'float', possible loss of data
     1>c:\users\twm\documents\visual studio 2013\projects\raytracer\raytracer\sphere.h(94): warning C4244: 'argument' : conversion from 'float' to 'const unsigned int', possible loss of data
     1>c:\users\twm\documents\visual studio 2013\projects\raytracer\raytracer\sphere.h(94): warning C4244: '=' : conversion from 'int' to 'float', possible loss of data
         Ray.cpp
     1>c:\users\twm\documents\visual studio 2013\projects\raytracer\raytracer\point3d.h(24): warning C4244: 'argument' : conversion from 'const double' to 'float', possible loss of data
         Point3D.cpp
     1>c:\users\twm\documents\visual studio 2013\projects\raytracer\raytracer\point3d.h(24): warning C4244: 'argument' : conversion from 'const double' to 'float', possible loss of data
         Plane.cpp
     1>c:\users\twm\documents\visual studio 2013\projects\raytracer\raytracer\point3d.h(24): warning C4244: 'argument' : conversion from 'const double' to 'float', possible loss of data
     1>c:\users\twm\documents\visual studio 2013\projects\raytracer\raytracer\plane.h(45): warning C4244: 'initializing' : conversion from 'double' to 'int', possible loss of data
     1>c:\users\twm\documents\visual studio 2013\projects\raytracer\raytracer\plane.h(46): warning C4244: 'initializing' : conversion from 'double' to 'int', possible loss of data
     1>c:\users\twm\documents\visual studio 2013\projects\raytracer\raytracer\plane.cpp(13): warning C4244: 'initializing' : conversion from 'double' to 'float', possible loss of data
     1>c:\users\twm\documents\visual studio 2013\projects\raytracer\raytracer\plane.cpp(22): warning C4244: 'initializing' : conversion from 'double' to 'float', possible loss of data
         Light.cpp
     1>c:\users\twm\documents\visual studio 2013\projects\raytracer\raytracer\point3d.h(24): warning C4244: 'argument' : conversion from 'const double' to 'float', possible loss of data
         GeometricObject.cpp
     1>c:\users\twm\documents\visual studio 2013\projects\raytracer\raytracer\point3d.h(24): warning C4244: 'argument' : conversion from 'const double' to 'float', possible loss of data
         Generating Code...
       Link:
         C:\Program Files (x86)\Microsoft Visual Studio 12.0\VC\bin\link.exe /ERRORREPORT:PROMPT /OUT:"C:\Users\Twm\Documents\Visual Studio 2013\Projects\RayTracer\Debug\RayTracer.exe" /INCREMENTAL /NOLOGO kernel32.lib user32.lib gdi32.lib winspool.lib comdlg32.lib advapi32.lib shell32.lib ole32.lib oleaut32.lib uuid.lib odbc32.lib odbccp32.lib /MANIFEST /MANIFESTUAC:"level='asInvoker' uiAccess='false'" /manifest:embed /DEBUG /PDB:"C:\Users\Twm\Documents\Visual Studio 2013\Projects\RayTracer\Debug\RayTracer.pdb" /SUBSYSTEM:CONSOLE /TLBID:1 /DYNAMICBASE /NXCOMPAT /IMPLIB:"C:\Users\Twm\Documents\Visual Studio 2013\Projects\RayTracer\Debug\RayTracer.lib" /MACHINE:X86 Debug\BoundingBox.obj
         Debug\Camera.obj
         Debug\GeometricObject.obj
         Debug\Light.obj
         Debug\Plane.obj
         Debug\Point3D.obj
         Debug\Ray.obj
         Debug\RayTracer.obj
         Debug\RGBColor.obj
         Debug\Source.obj
         Debug\Sphere.obj
         Debug\stdafx.obj
         Debug\Triangle.obj
         Debug\Vector3D.obj
         RayTracer.vcxproj -> C:\Users\Twm\Documents\Visual Studio 2013\Projects\RayTracer\Debug\RayTracer.exe
     1>Done Building Project "C:\Users\Twm\Documents\Visual Studio 2013\Projects\RayTracer\RayTracer\RayTracer.vcxproj" (Build target(s)).

Project Performance Summary:
    13248 ms  C:\Users\Twm\Documents\Visual Studio 2013\Projects\RayTracer\RayTracer\RayTracer.vcxproj   1 calls
              13248 ms  Build                                      1 calls

Target Performance Summary:
        0 ms  AfterBuild                                 1 calls
        0 ms  ComputeCLCompileGeneratedXDCFiles          1 calls
        0 ms  ComputeManifestGeneratedLinkerInputs       1 calls
        0 ms  ResolveReferences                          1 calls
        0 ms  SelectClCompile                            1 calls
        0 ms  GetCopyToOutputDirectoryXamlAppDefs        1 calls
        0 ms  _CheckForCompileOutputs                    1 calls
        0 ms  GetResolvedWinMD                           1 calls
        0 ms  _Manifest                                  1 calls
        0 ms  _SelectedFiles                             1 calls
        0 ms  _PrepareForBuild                           1 calls
        0 ms  PostBuildEvent                             1 calls
        0 ms  _Midl                                      1 calls
        0 ms  SelectCustomBuild                          1 calls
        0 ms  _ClCompile                                 1 calls
        0 ms  GetReferenceAssemblyPaths                  1 calls
        0 ms  CreateCustomManifestResourceNames          1 calls
        0 ms  BeforeLink                                 1 calls
        0 ms  ComputeCLInputPDBName                      1 calls
        0 ms  AfterBuildCompileEvent                     1 calls
        0 ms  AfterBuildGenerateSources                  1 calls
        0 ms  _BuildLinkAction                           1 calls
        0 ms  MakeDirsForCl                              1 calls
        0 ms  ExpandSDKReferences                        1 calls
        0 ms  BuildGenerateSources                       1 calls
        0 ms  _CopySourceItemsToOutputDirectory          1 calls
        0 ms  ComputeLinkImportLibraryOutputsForClean    1 calls
        0 ms  AfterResourceCompile                       1 calls
        0 ms  _Xsd                                       1 calls
        0 ms  ComputeCustomBuildOutput                   1 calls
        0 ms  MakeDirsForBscMake                         1 calls
        0 ms  ComputeLinkSwitches                        1 calls
        0 ms  _GenerateSatelliteAssemblyInputs           1 calls
        0 ms  _ResourceCompile                           1 calls
        0 ms  ComputeLinkInputsFromProject               1 calls
        0 ms  Build                                      1 calls
        0 ms  _Link                                      1 calls
        0 ms  BuildLinkTraverse                          1 calls
        0 ms  ComputeManifestInputsTargets               1 calls
        0 ms  ComputeRCOutputs                           1 calls
        0 ms  _XdcMake                                   1 calls
        0 ms  CreateSatelliteAssemblies                  1 calls
        0 ms  CopyFilesToOutputDirectory                 1 calls
        0 ms  BuildCompileTraverse                       1 calls
        0 ms  BeforeResourceCompile                      1 calls
        0 ms  ComputeMIDLGeneratedCompileInputs          1 calls
        0 ms  PreLinkEvent                               1 calls
        0 ms  AfterLink                                  1 calls
        0 ms  PrepareResourceNames                       1 calls
        0 ms  AfterBuildGenerateSourcesEvent             1 calls
        0 ms  BeforeClCompile                            1 calls
        0 ms  AfterResolveReferences                     1 calls
        0 ms  BeforeResolveReferences                    1 calls
        0 ms  AfterMidl                                  1 calls
        0 ms  ComputeReferenceCLInput                    1 calls
        0 ms  PrepareForRun                              1 calls
        0 ms  PreBuildEvent                              1 calls
        0 ms  _BscMake                                   1 calls
        0 ms  _ALink                                     1 calls
        0 ms  ResolveSDKReferences                       1 calls
        0 ms  _Appverifier                               1 calls
        0 ms  ComputeCLCompileGeneratedSbrFiles          1 calls
        0 ms  _BuildGenerateSourcesAction                1 calls
        0 ms  ComputeRCGeneratedLinkInputs               1 calls
        0 ms  SplitResourcesByCulture                    1 calls
        0 ms  BuildLink                                  1 calls
        0 ms  _BuildCompileAction                        1 calls
        0 ms  GetInstalledSDKLocations                   1 calls
        0 ms  MakeDirsForXdcMake                         1 calls
        0 ms  PlatformPrepareForBuild                    1 calls
        0 ms  _Deploy                                    1 calls
        0 ms  ResolvedXDCMake                            1 calls
        0 ms  AfterClCompile                             1 calls
        0 ms  BeforeBuildGenerateSources                 1 calls
        0 ms  ResolveProjectReferences                   1 calls
        0 ms  BuildCompile                               1 calls
        0 ms  _SplitProjectReferencesByFileExistence     1 calls
        0 ms  BuildGenerateSourcesTraverse               1 calls
        0 ms  _PrepareForReferenceResolution             1 calls
        1 ms  AssignProjectConfiguration                 1 calls
        1 ms  MakeDirsForLink                            1 calls
        1 ms  MakeDirsForMidl                            1 calls
        1 ms  GetFrameworkPaths                          1 calls
        1 ms  ComputeCLOutputs                           1 calls
        1 ms  ComputeCLGeneratedLinkInputs               1 calls
        1 ms  ComputeLegacyManifestEmbedding             1 calls
        1 ms  DoLinkOutputFilesMatch                     1 calls
        1 ms  RegisterOutput                             1 calls
        1 ms  MakeDirsForResourceCompile                 1 calls
        1 ms  AssignTargetPaths                          1 calls
        1 ms  GetCopyToOutputDirectoryItems              1 calls
        1 ms  ResolveAssemblyReferences                  1 calls
        1 ms  SetBuildDefaultEnvironmentVariables        1 calls
        2 ms  FinalizeBuildStatus                        1 calls
        3 ms  PrepareForBuild                            1 calls
        4 ms  WarnCompileDuplicatedFilename              1 calls
        4 ms  _CheckForInvalidConfigurationAndPlatform   1 calls
        6 ms  SetCABuildNativeEnvironmentVariables       1 calls
        7 ms  InitializeBuildStatus                      1 calls
      662 ms  Link                                       1 calls
    12544 ms  ClCompile                                  1 calls

Build succeeded.

Time Elapsed 00:00:13.25
